[debug] [2026-02-27T20:58:20.510Z] ----------------------------------------------------------------------
[debug] [2026-02-27T20:58:20.514Z] Command:       C:\Program Files\nodejs\node.exe C:\Users\njann\AppData\Roaming\npm\node_modules\firebase-tools\lib\bin\firebase.js init hosting
[debug] [2026-02-27T20:58:20.514Z] CLI Version:   15.8.0
[debug] [2026-02-27T20:58:20.514Z] Platform:      win32
[debug] [2026-02-27T20:58:20.514Z] Node Version:  v24.11.1
[debug] [2026-02-27T20:58:20.514Z] Time:          Sat Feb 28 2026 04:58:20 GMT+0800 (Malaysia Time)
[debug] [2026-02-27T20:58:20.515Z] ----------------------------------------------------------------------
[debug] 
[info] 
     ######## #### ########  ######## ########     ###     ######  ########
     ##        ##  ##     ## ##       ##     ##  ##   ##  ##       ##
     ######    ##  ########  ######   ########  #########  ######  ######
     ##        ##  ##    ##  ##       ##     ## ##     ##       ## ##
     ##       #### ##     ## ######## ########  ##     ##  ######  ########

You're about to initialize a Firebase project in this directory:

  C:\Users\njann\Downloads\ReadyBanjir\frontend

[info] 
=== Project Setup
[info] 
[info] First, let's associate this project directory with a Firebase project.
[info] You can create multiple project aliases by running firebase use --add, 
[info] 
[info] i  If you want to create a project in a Google Cloud organization or folder, please use "firebase projects:create" instead, and return to this command when you've created the project. 
[debug] [2026-02-27T20:58:29.171Z] > command requires scopes: ["email","openid","https://www.googleapis.com/auth/cloudplatformprojects.readonly","https://www.googleapis.com/auth/firebase","https://www.googleapis.com/auth/cloud-platform"]
[debug] [2026-02-27T20:58:29.172Z] > authorizing via signed-in user (njannahzmn0208@gmail.com)
[debug] [2026-02-27T20:59:40.902Z] Checked if tokens are valid: true, expires at: 1772229328605
[debug] [2026-02-27T20:59:40.902Z] Checked if tokens are valid: true, expires at: 1772229328605
[debug] [2026-02-27T20:59:40.904Z] >>> [apiv2][query] POST https://firebase.googleapis.com/v1/projects:checkProjectId [none]
[debug] [2026-02-27T20:59:40.904Z] >>> [apiv2][body] POST https://firebase.googleapis.com/v1/projects:checkProjectId {"proposedId":"sedia-banjir-2026"}
[debug] [2026-02-27T20:59:41.624Z] <<< [apiv2][status] POST https://firebase.googleapis.com/v1/projects:checkProjectId 200
[debug] [2026-02-27T20:59:41.624Z] <<< [apiv2][body] POST https://firebase.googleapis.com/v1/projects:checkProjectId {"projectIdStatus":"PROJECT_ID_AVAILABLE","suggestedProjectId":"sedia-banjir-2026"}
[debug] [2026-02-27T21:00:06.650Z] Checked if tokens are valid: true, expires at: 1772229328605
[debug] [2026-02-27T21:00:06.651Z] Checked if tokens are valid: true, expires at: 1772229328605
[debug] [2026-02-27T21:00:06.651Z] >>> [apiv2][query] POST https://cloudresourcemanager.googleapis.com/v1/projects [none]
[debug] [2026-02-27T21:00:06.651Z] >>> [apiv2][body] POST https://cloudresourcemanager.googleapis.com/v1/projects {"projectId":"sedia-banjir-2026","name":"Sedia Banjir"}
[debug] [2026-02-27T21:00:07.932Z] <<< [apiv2][status] POST https://cloudresourcemanager.googleapis.com/v1/projects 200
[debug] [2026-02-27T21:00:07.932Z] <<< [apiv2][body] POST https://cloudresourcemanager.googleapis.com/v1/projects {"name":"operations/create_project.global.5133846492557609695"}
[debug] [2026-02-27T21:00:07.934Z] Checked if tokens are valid: true, expires at: 1772229328605
[debug] [2026-02-27T21:00:07.934Z] Checked if tokens are valid: true, expires at: 1772229328605
[debug] [2026-02-27T21:00:07.934Z] >>> [apiv2][query] GET https://cloudresourcemanager.googleapis.com/v1/operations/create_project.global.5133846492557609695 [none]
[debug] [2026-02-27T21:00:09.060Z] <<< [apiv2][status] GET https://cloudresourcemanager.googleapis.com/v1/operations/create_project.global.5133846492557609695 200
[debug] [2026-02-27T21:00:09.060Z] <<< [apiv2][body] GET https://cloudresourcemanager.googleapis.com/v1/operations/create_project.global.5133846492557609695 {"name":"operations/create_project.global.5133846492557609695","metadata":{"@type":"type.googleapis.com/google.cloudresourcemanager.v1.ProjectCreationStatus","ready":true},"done":true,"error":{"code":9,"message":"Callers must accept Terms of Service","details":[{"@type":"type.googleapis.com/google.rpc.PreconditionFailure","violations":[{"type":"TOS","subject":"cloud","description":"Callers must accept Terms of Service"}]}]}}
[debug] [2026-02-27T21:00:09.099Z] FirebaseError: Callers must accept Terms of Service
    at OperationPoller.poll (C:\Users\njann\AppData\Roaming\npm\node_modules\firebase-tools\lib\operation-poller.js:25:19)
    at process.processTicksAndRejections (node:internal/process/task_queues:103:5)
    at async createCloudProject (C:\Users\njann\AppData\Roaming\npm\node_modules\firebase-tools\lib\management\projects.js:237:29)
    at async createFirebaseProjectAndLog (C:\Users\njann\AppData\Roaming\npm\node_modules\firebase-tools\lib\management\projects.js:102:9)
    at async Object.doSetup (C:\Users\njann\AppData\Roaming\npm\node_modules\firebase-tools\lib\init\features\project.js:64:24)
    at async init (C:\Users\njann\AppData\Roaming\npm\node_modules\firebase-tools\lib\init\index.js:92:13)
    at async Command.initAction [as actionFn] (C:\Users\njann\AppData\Roaming\npm\node_modules\firebase-tools\lib\commands\init.js:231:5)
[error] 
[error] Error: Failed to create project. See firebase-debug.log for more info.
[debug] [2026-02-27T21:00:58.691Z] ----------------------------------------------------------------------
[debug] [2026-02-27T21:00:58.694Z] Command:       C:\Program Files\nodejs\node.exe C:\Users\njann\AppData\Roaming\npm\node_modules\firebase-tools\lib\bin\firebase.js init hosting
[debug] [2026-02-27T21:00:58.695Z] CLI Version:   15.8.0
[debug] [2026-02-27T21:00:58.695Z] Platform:      win32
[debug] [2026-02-27T21:00:58.695Z] Node Version:  v24.11.1
[debug] [2026-02-27T21:00:58.695Z] Time:          Sat Feb 28 2026 05:00:58 GMT+0800 (Malaysia Time)
[debug] [2026-02-27T21:00:58.695Z] ----------------------------------------------------------------------
[debug] 
[info] 
     ######## #### ########  ######## ########     ###     ######  ########
     ##        ##  ##     ## ##       ##     ##  ##   ##  ##       ##
     ######    ##  ########  ######   ########  #########  ######  ######
     ##        ##  ##    ##  ##       ##     ## ##     ##       ## ##
     ##       #### ##     ## ######## ########  ##     ##  ######  ########

You're about to initialize a Firebase project in this directory:

  C:\Users\njann\Downloads\ReadyBanjir\frontend

[info] 
=== Project Setup
[info] 
[info] First, let's associate this project directory with a Firebase project.
[info] You can create multiple project aliases by running firebase use --add, 
[info] 
[info] i  If you want to create a project in a Google Cloud organization or folder, please use "firebase projects:create" instead, and return to this command when you've created the project. 
[debug] [2026-02-27T21:01:04.466Z] > command requires scopes: ["email","openid","https://www.googleapis.com/auth/cloudplatformprojects.readonly","https://www.googleapis.com/auth/firebase","https://www.googleapis.com/auth/cloud-platform"]
[debug] [2026-02-27T21:01:04.466Z] > authorizing via signed-in user (njannahzmn0208@gmail.com)
[debug] [2026-02-27T21:01:16.105Z] Checked if tokens are valid: true, expires at: 1772229328605
[debug] [2026-02-27T21:01:16.106Z] Checked if tokens are valid: true, expires at: 1772229328605
[debug] [2026-02-27T21:01:16.108Z] >>> [apiv2][query] POST https://firebase.googleapis.com/v1/projects:checkProjectId [none]
[debug] [2026-02-27T21:01:16.108Z] >>> [apiv2][body] POST https://firebase.googleapis.com/v1/projects:checkProjectId {"proposedId":"sedia-banjir-2026"}
[debug] [2026-02-27T21:01:16.757Z] <<< [apiv2][status] POST https://firebase.googleapis.com/v1/projects:checkProjectId 200
[debug] [2026-02-27T21:01:16.757Z] <<< [apiv2][body] POST https://firebase.googleapis.com/v1/projects:checkProjectId {"projectIdStatus":"PROJECT_ID_AVAILABLE","suggestedProjectId":"sedia-banjir-2026"}
[debug] [2026-02-27T21:01:27.441Z] Checked if tokens are valid: true, expires at: 1772229328605
[debug] [2026-02-27T21:01:27.441Z] Checked if tokens are valid: true, expires at: 1772229328605
[debug] [2026-02-27T21:01:27.442Z] >>> [apiv2][query] POST https://cloudresourcemanager.googleapis.com/v1/projects [none]
[debug] [2026-02-27T21:01:27.442Z] >>> [apiv2][body] POST https://cloudresourcemanager.googleapis.com/v1/projects {"projectId":"sedia-banjir-2026","name":"Sedia Banjir"}
[debug] [2026-02-27T21:01:28.657Z] <<< [apiv2][status] POST https://cloudresourcemanager.googleapis.com/v1/projects 200
[debug] [2026-02-27T21:01:28.658Z] <<< [apiv2][body] POST https://cloudresourcemanager.googleapis.com/v1/projects {"name":"operations/create_project.global.7893248444899870153"}
[debug] [2026-02-27T21:01:28.659Z] Checked if tokens are valid: true, expires at: 1772229328605
[debug] [2026-02-27T21:01:28.659Z] Checked if tokens are valid: true, expires at: 1772229328605
[debug] [2026-02-27T21:01:28.659Z] >>> [apiv2][query] GET https://cloudresourcemanager.googleapis.com/v1/operations/create_project.global.7893248444899870153 [none]
[debug] [2026-02-27T21:01:29.885Z] <<< [apiv2][status] GET https://cloudresourcemanager.googleapis.com/v1/operations/create_project.global.7893248444899870153 200
[debug] [2026-02-27T21:01:29.886Z] <<< [apiv2][body] GET https://cloudresourcemanager.googleapis.com/v1/operations/create_project.global.7893248444899870153 {"name":"operations/create_project.global.7893248444899870153","metadata":{"@type":"type.googleapis.com/google.cloudresourcemanager.v1.ProjectCreationStatus","ready":true},"done":true,"error":{"code":9,"message":"Callers must accept Terms of Service","details":[{"@type":"type.googleapis.com/google.rpc.PreconditionFailure","violations":[{"type":"TOS","subject":"cloud","description":"Callers must accept Terms of Service"}]}]}}
[debug] [2026-02-27T21:01:29.888Z] FirebaseError: Callers must accept Terms of Service
    at OperationPoller.poll (C:\Users\njann\AppData\Roaming\npm\node_modules\firebase-tools\lib\operation-poller.js:25:19)
    at process.processTicksAndRejections (node:internal/process/task_queues:103:5)
    at async createCloudProject (C:\Users\njann\AppData\Roaming\npm\node_modules\firebase-tools\lib\management\projects.js:237:29)
    at async createFirebaseProjectAndLog (C:\Users\njann\AppData\Roaming\npm\node_modules\firebase-tools\lib\management\projects.js:102:9)
    at async Object.doSetup (C:\Users\njann\AppData\Roaming\npm\node_modules\firebase-tools\lib\init\features\project.js:64:24)
    at async init (C:\Users\njann\AppData\Roaming\npm\node_modules\firebase-tools\lib\init\index.js:92:13)
    at async Command.initAction [as actionFn] (C:\Users\njann\AppData\Roaming\npm\node_modules\firebase-tools\lib\commands\init.js:231:5)
[error] 
[error] Error: Failed to create project. See firebase-debug.log for more info.
